<?xml version="1.0" encoding="UTF-8"?>
<!-- Generated by org.testng.reporters.JUnitReportReporter -->
<testsuite hostname="AymanHussein" failures="0" tests="1" name="test.AddCustomerTest" time="108.696" errors="0" timestamp="2024-04-17T19:51:50 CDT" skipped="0">
  <testcase classname="test.AddCustomerTest" name="UserShouldBeAbleToAddCustomer" time="108.696"/>
</testsuite> <!-- test.AddCustomerTest -->
