<?xml version="1.0" encoding="UTF-8"?>
<!-- Generated by org.testng.reporters.JUnitReportReporter -->
<testsuite hostname="AymanHussein" failures="0" tests="2" name="test.LoginTest" time="23.590" errors="0" timestamp="2024-04-16T21:37:38 CDT" skipped="0">
  <testcase classname="test.LoginTest" name="validUserShouldBeAbleToLogin" time="19.059"/>
  <testcase classname="test.LoginTest" name="validateAlertMsg" time="4.531"/>
</testsuite> <!-- test.LoginTest -->
